Using pre-set license
Built from '2021.3/staging' branch; Version is '2021.3.8f1 (b30333d56e81) revision 11731763'; Using compiler version '192829333'; Build Type 'Release'
OS: 'Windows 11  (10.0.22000) 64bit Professional' Language: 'en' Physical Memory: 15970 MB
BatchMode: 1, IsHumanControllingUs: 0, StartBugReporterOnCrash: 0, Is64bit: 1, IsPro: 1

COMMAND LINE ARGUMENTS:
C:\Program Files\Unity\Hub\Editor\2021.3.8f1\Editor\Unity.exe
-adb2
-batchMode
-noUpm
-name
AssetImportWorker2
-projectPath
C:/Users/Kyler/Documents/Async Unity Projects/Project1_RoughDraft/Project1_RoughDraft
-logFile
Logs/AssetImportWorker2.log
-srvPort
59547
Successfully changed project path to: C:/Users/Kyler/Documents/Async Unity Projects/Project1_RoughDraft/Project1_RoughDraft
C:/Users/Kyler/Documents/Async Unity Projects/Project1_RoughDraft/Project1_RoughDraft
[UnityMemory] Configuration Parameters - Can be set up in boot.config
    "memorysetup-bucket-allocator-granularity=16"
    "memorysetup-bucket-allocator-bucket-count=8"
    "memorysetup-bucket-allocator-block-size=33554432"
    "memorysetup-bucket-allocator-block-count=8"
    "memorysetup-main-allocator-block-size=16777216"
    "memorysetup-thread-allocator-block-size=16777216"
    "memorysetup-gfx-main-allocator-block-size=16777216"
    "memorysetup-gfx-thread-allocator-block-size=16777216"
    "memorysetup-cache-allocator-block-size=4194304"
    "memorysetup-typetree-allocator-block-size=2097152"
    "memorysetup-profiler-bucket-allocator-granularity=16"
    "memorysetup-profiler-bucket-allocator-bucket-count=8"
    "memorysetup-profiler-bucket-allocator-block-size=33554432"
    "memorysetup-profiler-bucket-allocator-block-count=8"
    "memorysetup-profiler-allocator-block-size=16777216"
    "memorysetup-profiler-editor-allocator-block-size=1048576"
    "memorysetup-temp-allocator-size-main=16777216"
    "memorysetup-job-temp-allocator-block-size=2097152"
    "memorysetup-job-temp-allocator-block-size-background=1048576"
    "memorysetup-job-temp-allocator-reduction-small-platforms=262144"
    "memorysetup-temp-allocator-size-background-worker=32768"
    "memorysetup-temp-allocator-size-job-worker=262144"
    "memorysetup-temp-allocator-size-preload-manager=33554432"
    "memorysetup-temp-allocator-size-nav-mesh-worker=65536"
    "memorysetup-temp-allocator-size-audio-worker=65536"
    "memorysetup-temp-allocator-size-cloud-worker=32768"
    "memorysetup-temp-allocator-size-gi-baking-worker=262144"
    "memorysetup-temp-allocator-size-gfx=262144"
Refreshing native plugins compatible for Editor in 282.31 ms, found 8 plugins.
Preloading 1 native plugins for Editor in 3.07 ms.
Initialize engine version: 2021.3.8f1 (b30333d56e81)
[Subsystems] Discovering subsystems at path C:/Program Files/Unity/Hub/Editor/2021.3.8f1/Editor/Data/Resources/UnitySubsystems
[Subsystems] Discovering subsystems at path C:/Users/Kyler/Documents/Async Unity Projects/Project1_RoughDraft/Project1_RoughDraft/Assets
GfxDevice: creating device client; threaded=0; jobified=0
Direct3D:
    Version:  Direct3D 11.0 [level 11.1]
    Renderer: Intel(R) Iris(R) Plus Graphics (ID=0x8a52)
    Vendor:   Intel
    VRAM:     7985 MB
    Driver:   27.20.100.9621
Shader 'Oculus/OVRMRCameraFrameLit': fallback shader 'Alpha-Diffuse' not found
Initialize mono
Mono path[0] = 'C:/Program Files/Unity/Hub/Editor/2021.3.8f1/Editor/Data/Managed'
Mono path[1] = 'C:/Program Files/Unity/Hub/Editor/2021.3.8f1/Editor/Data/MonoBleedingEdge/lib/mono/unityjit-win32'
Mono config path = 'C:/Program Files/Unity/Hub/Editor/2021.3.8f1/Editor/Data/MonoBleedingEdge/etc'
Using monoOptions --debugger-agent=transport=dt_socket,embedding=1,server=y,suspend=n,address=127.0.0.1:56004
Begin MonoManager ReloadAssembly
Registering precompiled unity dll's ...
Register platform support module: C:/Program Files/Unity/Hub/Editor/2021.3.8f1/Editor/Data/PlaybackEngines/WebGLSupport/UnityEditor.WebGL.Extensions.dll
Register platform support module: C:/Program Files/Unity/Hub/Editor/2021.3.8f1/Editor/Data/PlaybackEngines/AndroidPlayer/UnityEditor.Android.Extensions.dll
Register platform support module: C:/Program Files/Unity/Hub/Editor/2021.3.8f1/Editor/Data/PlaybackEngines/WindowsStandaloneSupport/UnityEditor.WindowsStandalone.Extensions.dll
Registered in 0.011998 seconds.
Native extension for WindowsStandalone target not found
Native extension for Android target not found
Native extension for WebGL target not found
Refreshing native plugins compatible for Editor in 136.60 ms, found 8 plugins.
Preloading 1 native plugins for Editor in 0.26 ms.
Mono: successfully reloaded assembly
- Completed reload, in  0.830 seconds
Domain Reload Profiling:
	ReloadAssembly (831ms)
		BeginReloadAssembly (92ms)
			ExecutionOrderSort (0ms)
			DisableScriptedObjects (0ms)
			BackupInstance (0ms)
			ReleaseScriptingObjects (0ms)
			CreateAndSetChildDomain (1ms)
		EndReloadAssembly (583ms)
			LoadAssemblies (88ms)
			RebuildTransferFunctionScriptingTraits (0ms)
			SetupTypeCache (132ms)
			ReleaseScriptCaches (0ms)
			RebuildScriptCaches (30ms)
			SetupLoadedEditorAssemblies (360ms)
				LogAssemblyErrors (0ms)
				InitializePlatformSupportModulesInManaged (67ms)
				SetLoadedEditorAssemblies (0ms)
				RefreshPlugins (137ms)
				BeforeProcessingInitializeOnLoad (1ms)
				ProcessInitializeOnLoadAttributes (110ms)
				ProcessInitializeOnLoadMethodAttributes (44ms)
				AfterProcessingInitializeOnLoad (0ms)
				EditorAssembliesLoaded (0ms)
			ExecutionOrderSort2 (0ms)
			AwakeInstancesAfterBackupRestoration (0ms)
Platform modules already initialized, skipping
Registering precompiled user dll's ...
Registered in 0.010991 seconds.
Android Extension - Scanning For ADB Devices 800 ms
Begin MonoManager ReloadAssembly
Native extension for WindowsStandalone target not found
Native extension for Android target not found
Native extension for WebGL target not found
Refreshing native plugins compatible for Editor in 0.86 ms, found 8 plugins.
Preloading 1 native plugins for Editor in 0.33 ms.
Package Manager log level set to [2]
[XR] OculusXRPlugin: registering subsystems
[XR] Unable to register display lifecyle provider: [1]
[XR] Oculus Input lifecycle provider registered.
[XR] Unable to register input lifecyle provider: [1]
[XR] OVRP version 1.74.0
Mono: successfully reloaded assembly
- Completed reload, in  1.259 seconds
Domain Reload Profiling:
	ReloadAssembly (1260ms)
		BeginReloadAssembly (118ms)
			ExecutionOrderSort (0ms)
			DisableScriptedObjects (7ms)
			BackupInstance (0ms)
			ReleaseScriptingObjects (0ms)
			CreateAndSetChildDomain (20ms)
		EndReloadAssembly (1019ms)
			LoadAssemblies (106ms)
			RebuildTransferFunctionScriptingTraits (0ms)
			SetupTypeCache (291ms)
			ReleaseScriptCaches (1ms)
			RebuildScriptCaches (91ms)
			SetupLoadedEditorAssemblies (481ms)
				LogAssemblyErrors (0ms)
				InitializePlatformSupportModulesInManaged (18ms)
				SetLoadedEditorAssemblies (0ms)
				RefreshPlugins (1ms)
				BeforeProcessingInitializeOnLoad (122ms)
				ProcessInitializeOnLoadAttributes (293ms)
				ProcessInitializeOnLoadMethodAttributes (36ms)
				AfterProcessingInitializeOnLoad (10ms)
				EditorAssembliesLoaded (0ms)
			ExecutionOrderSort2 (0ms)
			AwakeInstancesAfterBackupRestoration (6ms)
Platform modules already initialized, skipping
========================================================================
Worker process is ready to serve import requests
Shader 'Oculus/OVRMRCameraFrameLit': fallback shader 'Alpha-Diffuse' not found
Launched and connected shader compiler UnityShaderCompiler.exe after 0.08 seconds
Refreshing native plugins compatible for Editor in 1.41 ms, found 8 plugins.
Preloading 1 native plugins for Editor in 0.30 ms.
Unloading 4645 Unused Serialized files (Serialized files now loaded: 0)
Unloading 56 unused Assets / (197.0 KB). Loaded Objects now: 5083.
Memory consumption went from 169.9 MB to 169.8 MB.
Total: 4.847800 ms (FindLiveObjects: 0.483300 ms CreateObjectMapping: 0.409000 ms MarkObjects: 3.686500 ms  DeleteObjects: 0.267400 ms)

AssetImportParameters requested are different than current active one (requested -> active):
  custom:video-decoder-ogg-theora: a1e56fd34408186e4bbccfd4996cb3dc -> 
  custom:container-muxer-webm: aa71ff27fc2769a1b78a27578f13a17b -> 
  custom:container-demuxer-webm: 4f35f7cbe854078d1ac9338744f61a02 -> 
  custom:video-encoder-webm-vp8: eb34c28f22e8b96e1ab97ce403110664 -> 
  custom:video-codec-MediaFoundation-h265: 746d11721c4dcdbdad8f713fa42b33f4 -> 
  custom:audio-encoder-webm-vorbis: bf7c407c2cedff20999df2af8eb42d56 -> 
  custom:framework-win-MediaFoundation: 216162199b28c13a410421893ffa2e32 -> 
  custom:container-demuxer-ogg: 62fdf1f143b41e24485cea50d1cbac27 -> 
  custom:video-decoder-webm-vp8: 9c59270c3fd7afecdb556c50c9e8de78 -> 
  custom:audio-decoder-ogg-vorbis: bf7c407c2cedff20999df2af8eb42d56 -> 
========================================================================
Received Import Request.
  Time since last request: 7381.501366 seconds.
  path: Assets/Free Skyboxes - Space/SBS Space 1
  artifactKey: Guid(1af85022482ca5b4289d4b39c850aa26) Importer(815301076,1909f56bfc062723c751e8b465ee728b)
Start importing Assets/Free Skyboxes - Space/SBS Space 1 using Guid(1af85022482ca5b4289d4b39c850aa26) Importer(815301076,1909f56bfc062723c751e8b465ee728b)  -> (artifact id: '5602d3fb874832fd114699db66feb25e') in 0.023332 seconds 
========================================================================
Received Import Request.
  Time since last request: 0.043526 seconds.
  path: Assets/Free Skyboxes - Space/SBS Space 1/SBS Space 1.asset
  artifactKey: Guid(7543a125dc85ebd4d9c70ab77162e656) Importer(815301076,1909f56bfc062723c751e8b465ee728b)
Start importing Assets/Free Skyboxes - Space/SBS Space 1/SBS Space 1.asset using Guid(7543a125dc85ebd4d9c70ab77162e656) Importer(815301076,1909f56bfc062723c751e8b465ee728b)  -> (artifact id: 'a46ad213c6dcf03c4b66d164f27b7a68') in 0.022364 seconds 
========================================================================
Received Import Request.
  Time since last request: 2.640262 seconds.
  path: Assets/Free Skyboxes - Space/SBS Space 1/Large
  artifactKey: Guid(cb979dee835d8fa4a9f31bc49731e05a) Importer(815301076,1909f56bfc062723c751e8b465ee728b)
Start importing Assets/Free Skyboxes - Space/SBS Space 1/Large using Guid(cb979dee835d8fa4a9f31bc49731e05a) Importer(815301076,1909f56bfc062723c751e8b465ee728b)  -> (artifact id: '9656d6a5a16d48a02dd4c4832623f23a') in 0.004364 seconds 
========================================================================
Received Import Request.
  Time since last request: 0.046117 seconds.
  path: Assets/Free Skyboxes - Space/SBS Space 1/Large/Skybox_Space 1 Large.mat
  artifactKey: Guid(0a98eaa61401f3c49a068e4fbd6c2e2a) Importer(815301076,1909f56bfc062723c751e8b465ee728b)
Start importing Assets/Free Skyboxes - Space/SBS Space 1/Large/Skybox_Space 1 Large.mat using Guid(0a98eaa61401f3c49a068e4fbd6c2e2a) Importer(815301076,1909f56bfc062723c751e8b465ee728b)  -> (artifact id: '71d3f4b0be6f26177a07b7d47ef7a806') in 0.674665 seconds 
========================================================================
Received Import Request.
  Time since last request: 0.084768 seconds.
  path: Assets/Free Skyboxes - Space/SBS Space 1/Large/Textures/Front_Space 1 Large.png
  artifactKey: Guid(ebb9078962d6e984a8e314966ba47605) Importer(815301076,1909f56bfc062723c751e8b465ee728b)
Start importing Assets/Free Skyboxes - Space/SBS Space 1/Large/Textures/Front_Space 1 Large.png using Guid(ebb9078962d6e984a8e314966ba47605) Importer(815301076,1909f56bfc062723c751e8b465ee728b)  -> (artifact id: '912a63f7d7a8ccb15188af1e24752c8b') in 0.331715 seconds 
========================================================================
Received Import Request.
  Time since last request: 0.000085 seconds.
  path: Assets/Free Skyboxes - Space/SBS Space 1/Large/Textures/Left_Space 1 Large.png
  artifactKey: Guid(e5bfc1abc53e0f24bbcfe5f5b5de835e) Importer(815301076,1909f56bfc062723c751e8b465ee728b)
Start importing Assets/Free Skyboxes - Space/SBS Space 1/Large/Textures/Left_Space 1 Large.png using Guid(e5bfc1abc53e0f24bbcfe5f5b5de835e) Importer(815301076,1909f56bfc062723c751e8b465ee728b)  -> (artifact id: '48757172091a97203d4ed9fdae310912') in 0.421028 seconds 
========================================================================
Received Import Request.
  Time since last request: 0.000044 seconds.
  path: Assets/Free Skyboxes - Space/SBS Space 1/Large/Textures/Right_Space 1 Large.png
  artifactKey: Guid(dad70adf15a0a5e4d859dad154f91d9d) Importer(815301076,1909f56bfc062723c751e8b465ee728b)
Start importing Assets/Free Skyboxes - Space/SBS Space 1/Large/Textures/Right_Space 1 Large.png using Guid(dad70adf15a0a5e4d859dad154f91d9d) Importer(815301076,1909f56bfc062723c751e8b465ee728b)  -> (artifact id: 'c9b630fb1a46c8ca177253d024ed86f8') in 0.180758 seconds 
========================================================================
Received Import Request.
  Time since last request: 6.029501 seconds.
  path: Assets/Free Skyboxes - Space/SBS Space 2/Large/Skybox_Space 2 Large.mat
  artifactKey: Guid(4fbf92cf634b10148b946a2378bfec52) Importer(815301076,1909f56bfc062723c751e8b465ee728b)
Start importing Assets/Free Skyboxes - Space/SBS Space 2/Large/Skybox_Space 2 Large.mat using Guid(4fbf92cf634b10148b946a2378bfec52) Importer(815301076,1909f56bfc062723c751e8b465ee728b)  -> (artifact id: 'fab2cf6f729a74a0b24a2906ed1494fc') in 0.600212 seconds 
========================================================================
Received Import Request.
  Time since last request: 648.437424 seconds.
  path: Assets/Free Skyboxes - Space/SBS Space 2/Medium/Textures/Down_Skybox_Space 2 Medium.png
  artifactKey: Guid(f23add65347490a47b4c9be27db535dd) Importer(815301076,1909f56bfc062723c751e8b465ee728b)
Start importing Assets/Free Skyboxes - Space/SBS Space 2/Medium/Textures/Down_Skybox_Space 2 Medium.png using Guid(f23add65347490a47b4c9be27db535dd) Importer(815301076,1909f56bfc062723c751e8b465ee728b)  -> (artifact id: '94bec8a53f536e658b7e336950cb764f') in 0.088511 seconds 
========================================================================
Received Import Request.
  Time since last request: 0.000049 seconds.
  path: Assets/Free Skyboxes - Space/SBS Space 2/Medium/Textures/Front_Skybox_Space 2 Medium.png
  artifactKey: Guid(f62bcaf2428353b46acc15cd218fbe11) Importer(815301076,1909f56bfc062723c751e8b465ee728b)
Start importing Assets/Free Skyboxes - Space/SBS Space 2/Medium/Textures/Front_Skybox_Space 2 Medium.png using Guid(f62bcaf2428353b46acc15cd218fbe11) Importer(815301076,1909f56bfc062723c751e8b465ee728b)  -> (artifact id: '939b6c8a77a4b9fa4312e184db1b0dc1') in 0.054832 seconds 
========================================================================
Received Import Request.
  Time since last request: 0.000066 seconds.
  path: Assets/Free Skyboxes - Space/SBS Space 2/Medium/Textures/Up_Skybox_Space 2 Medium.png
  artifactKey: Guid(58cd44a803e92cb429bff158cb99b576) Importer(815301076,1909f56bfc062723c751e8b465ee728b)
Start importing Assets/Free Skyboxes - Space/SBS Space 2/Medium/Textures/Up_Skybox_Space 2 Medium.png using Guid(58cd44a803e92cb429bff158cb99b576) Importer(815301076,1909f56bfc062723c751e8b465ee728b)  -> (artifact id: 'f5075de1b41d7a6ae66e478ad6b8791f') in 0.046756 seconds 
========================================================================
Received Import Request.
  Time since last request: 3.933699 seconds.
  path: Assets/Free Skyboxes - Space/SBS Space 2/Large/Textures/Down_Large.png
  artifactKey: Guid(a5843ef05e516d04c90a16715f70ff22) Importer(815301076,1909f56bfc062723c751e8b465ee728b)
Start importing Assets/Free Skyboxes - Space/SBS Space 2/Large/Textures/Down_Large.png using Guid(a5843ef05e516d04c90a16715f70ff22) Importer(815301076,1909f56bfc062723c751e8b465ee728b)  -> (artifact id: 'c4bcd6b1900ee0bdcc790c1e020faae0') in 0.112999 seconds 
========================================================================
Received Import Request.
  Time since last request: 0.000032 seconds.
  path: Assets/Free Skyboxes - Space/SBS Space 2/Large/Textures/Right_Large.png
  artifactKey: Guid(880616304a939e546886487a0f41d7a0) Importer(815301076,1909f56bfc062723c751e8b465ee728b)
Start importing Assets/Free Skyboxes - Space/SBS Space 2/Large/Textures/Right_Large.png using Guid(880616304a939e546886487a0f41d7a0) Importer(815301076,1909f56bfc062723c751e8b465ee728b)  -> (artifact id: '69e6a4ea9f9bd2faf79e2ca99613cc11') in 0.139093 seconds 
========================================================================
Received Import Request.
  Time since last request: 0.000077 seconds.
  path: Assets/Free Skyboxes - Space/SBS Space 2/Large/Textures/Left_Large.png
  artifactKey: Guid(585e6de8672d34143ba645ecccffcd3b) Importer(815301076,1909f56bfc062723c751e8b465ee728b)
Start importing Assets/Free Skyboxes - Space/SBS Space 2/Large/Textures/Left_Large.png using Guid(585e6de8672d34143ba645ecccffcd3b) Importer(815301076,1909f56bfc062723c751e8b465ee728b)  -> (artifact id: 'bdc3c2b39f8c07a7bf8721000db91f06') in 0.119114 seconds 
========================================================================
Received Import Request.
  Time since last request: 51.272131 seconds.
  path: Assets/Oculus/Spatializer/scenes/Standard Assets/Character Controllers/Sources/PrototypeCharacter/Constructor.FBX
  artifactKey: Guid(449b48f7eb5d87a4baaa5fb73f875a59) Importer(815301076,1909f56bfc062723c751e8b465ee728b)
Start importing Assets/Oculus/Spatializer/scenes/Standard Assets/Character Controllers/Sources/PrototypeCharacter/Constructor.FBX using Guid(449b48f7eb5d87a4baaa5fb73f875a59) Importer(815301076,1909f56bfc062723c751e8b465ee728b)  -> (artifact id: '7835fcad00f60a8685ce9f9f24e3126f') in 0.433268 seconds 
========================================================================
Received Import Request.
  Time since last request: 0.000142 seconds.
  path: Assets/Oculus/SampleFramework/Usage/HandsTrainExample/Models/TrainPalette.FBX
  artifactKey: Guid(bd0bb729cb6159b4ab21c5f62cad24ee) Importer(815301076,1909f56bfc062723c751e8b465ee728b)
Start importing Assets/Oculus/SampleFramework/Usage/HandsTrainExample/Models/TrainPalette.FBX using Guid(bd0bb729cb6159b4ab21c5f62cad24ee) Importer(815301076,1909f56bfc062723c751e8b465ee728b)  -> (artifact id: '62d1c4107d2fbdea11af3717b2222b05') in 1.486549 seconds 
========================================================================
Received Import Request.
  Time since last request: 1149.726700 seconds.
  path: Assets/Jones Demo
  artifactKey: Guid(32e0fc782a8c09e4abf8afca5b0ccdaa) Importer(815301076,1909f56bfc062723c751e8b465ee728b)
Start importing Assets/Jones Demo using Guid(32e0fc782a8c09e4abf8afca5b0ccdaa) Importer(815301076,1909f56bfc062723c751e8b465ee728b)  -> (artifact id: '7812b0784218291d5b401b8d384f43ea') in 0.004237 seconds 
