Using pre-set license
Built from '2021.3/staging' branch; Version is '2021.3.8f1 (b30333d56e81) revision 11731763'; Using compiler version '192829333'; Build Type 'Release'
OS: 'Windows 11  (10.0.22000) 64bit Professional' Language: 'en' Physical Memory: 15970 MB
BatchMode: 1, IsHumanControllingUs: 0, StartBugReporterOnCrash: 0, Is64bit: 1, IsPro: 1

COMMAND LINE ARGUMENTS:
C:\Program Files\Unity\Hub\Editor\2021.3.8f1\Editor\Unity.exe
-adb2
-batchMode
-noUpm
-name
AssetImportWorker4
-projectPath
C:/Users/Kyler/Documents/Async Unity Projects/Project1_RoughDraft/Project1_RoughDraft
-logFile
Logs/AssetImportWorker4.log
-srvPort
59547
Successfully changed project path to: C:/Users/Kyler/Documents/Async Unity Projects/Project1_RoughDraft/Project1_RoughDraft
C:/Users/Kyler/Documents/Async Unity Projects/Project1_RoughDraft/Project1_RoughDraft
[UnityMemory] Configuration Parameters - Can be set up in boot.config
    "memorysetup-bucket-allocator-granularity=16"
    "memorysetup-bucket-allocator-bucket-count=8"
    "memorysetup-bucket-allocator-block-size=33554432"
    "memorysetup-bucket-allocator-block-count=8"
    "memorysetup-main-allocator-block-size=16777216"
    "memorysetup-thread-allocator-block-size=16777216"
    "memorysetup-gfx-main-allocator-block-size=16777216"
    "memorysetup-gfx-thread-allocator-block-size=16777216"
    "memorysetup-cache-allocator-block-size=4194304"
    "memorysetup-typetree-allocator-block-size=2097152"
    "memorysetup-profiler-bucket-allocator-granularity=16"
    "memorysetup-profiler-bucket-allocator-bucket-count=8"
    "memorysetup-profiler-bucket-allocator-block-size=33554432"
    "memorysetup-profiler-bucket-allocator-block-count=8"
    "memorysetup-profiler-allocator-block-size=16777216"
    "memorysetup-profiler-editor-allocator-block-size=1048576"
    "memorysetup-temp-allocator-size-main=16777216"
    "memorysetup-job-temp-allocator-block-size=2097152"
    "memorysetup-job-temp-allocator-block-size-background=1048576"
    "memorysetup-job-temp-allocator-reduction-small-platforms=262144"
    "memorysetup-temp-allocator-size-background-worker=32768"
    "memorysetup-temp-allocator-size-job-worker=262144"
    "memorysetup-temp-allocator-size-preload-manager=33554432"
    "memorysetup-temp-allocator-size-nav-mesh-worker=65536"
    "memorysetup-temp-allocator-size-audio-worker=65536"
    "memorysetup-temp-allocator-size-cloud-worker=32768"
    "memorysetup-temp-allocator-size-gi-baking-worker=262144"
    "memorysetup-temp-allocator-size-gfx=262144"
Refreshing native plugins compatible for Editor in 471.19 ms, found 8 plugins.
Preloading 1 native plugins for Editor in 3.57 ms.
Initialize engine version: 2021.3.8f1 (b30333d56e81)
[Subsystems] Discovering subsystems at path C:/Program Files/Unity/Hub/Editor/2021.3.8f1/Editor/Data/Resources/UnitySubsystems
[Subsystems] Discovering subsystems at path C:/Users/Kyler/Documents/Async Unity Projects/Project1_RoughDraft/Project1_RoughDraft/Assets
GfxDevice: creating device client; threaded=0; jobified=0
Direct3D:
    Version:  Direct3D 11.0 [level 11.1]
    Renderer: Intel(R) Iris(R) Plus Graphics (ID=0x8a52)
    Vendor:   Intel
    VRAM:     7985 MB
    Driver:   27.20.100.9621
Shader 'Oculus/OVRMRCameraFrameLit': fallback shader 'Alpha-Diffuse' not found
Initialize mono
Mono path[0] = 'C:/Program Files/Unity/Hub/Editor/2021.3.8f1/Editor/Data/Managed'
Mono path[1] = 'C:/Program Files/Unity/Hub/Editor/2021.3.8f1/Editor/Data/MonoBleedingEdge/lib/mono/unityjit-win32'
Mono config path = 'C:/Program Files/Unity/Hub/Editor/2021.3.8f1/Editor/Data/MonoBleedingEdge/etc'
Using monoOptions --debugger-agent=transport=dt_socket,embedding=1,server=y,suspend=n,address=127.0.0.1:56948
Begin MonoManager ReloadAssembly
Registering precompiled unity dll's ...
Register platform support module: C:/Program Files/Unity/Hub/Editor/2021.3.8f1/Editor/Data/PlaybackEngines/WebGLSupport/UnityEditor.WebGL.Extensions.dll
Register platform support module: C:/Program Files/Unity/Hub/Editor/2021.3.8f1/Editor/Data/PlaybackEngines/AndroidPlayer/UnityEditor.Android.Extensions.dll
Register platform support module: C:/Program Files/Unity/Hub/Editor/2021.3.8f1/Editor/Data/PlaybackEngines/WindowsStandaloneSupport/UnityEditor.WindowsStandalone.Extensions.dll
Registered in 0.010949 seconds.
Native extension for WindowsStandalone target not found
Native extension for Android target not found
Native extension for WebGL target not found
Refreshing native plugins compatible for Editor in 126.57 ms, found 8 plugins.
Preloading 1 native plugins for Editor in 0.29 ms.
Mono: successfully reloaded assembly
- Completed reload, in  1.105 seconds
Domain Reload Profiling:
	ReloadAssembly (1105ms)
		BeginReloadAssembly (117ms)
			ExecutionOrderSort (0ms)
			DisableScriptedObjects (0ms)
			BackupInstance (0ms)
			ReleaseScriptingObjects (0ms)
			CreateAndSetChildDomain (1ms)
		EndReloadAssembly (820ms)
			LoadAssemblies (110ms)
			RebuildTransferFunctionScriptingTraits (0ms)
			SetupTypeCache (213ms)
			ReleaseScriptCaches (0ms)
			RebuildScriptCaches (60ms)
			SetupLoadedEditorAssemblies (449ms)
				LogAssemblyErrors (0ms)
				InitializePlatformSupportModulesInManaged (86ms)
				SetLoadedEditorAssemblies (0ms)
				RefreshPlugins (127ms)
				BeforeProcessingInitializeOnLoad (1ms)
				ProcessInitializeOnLoadAttributes (186ms)
				ProcessInitializeOnLoadMethodAttributes (48ms)
				AfterProcessingInitializeOnLoad (0ms)
				EditorAssembliesLoaded (0ms)
			ExecutionOrderSort2 (0ms)
			AwakeInstancesAfterBackupRestoration (0ms)
Platform modules already initialized, skipping
Registering precompiled user dll's ...
Registered in 0.009952 seconds.
Android Extension - Scanning For ADB Devices 1039 ms
Begin MonoManager ReloadAssembly
Native extension for WindowsStandalone target not found
Native extension for Android target not found
Native extension for WebGL target not found
Refreshing native plugins compatible for Editor in 1.00 ms, found 8 plugins.
Preloading 1 native plugins for Editor in 0.15 ms.
Package Manager log level set to [2]
[XR] OculusXRPlugin: registering subsystems
[XR] Unable to register display lifecyle provider: [1]
[XR] Oculus Input lifecycle provider registered.
[XR] Unable to register input lifecyle provider: [1]
[XR] OVRP version 1.74.0
Mono: successfully reloaded assembly
- Completed reload, in  1.455 seconds
Domain Reload Profiling:
	ReloadAssembly (1456ms)
		BeginReloadAssembly (124ms)
			ExecutionOrderSort (0ms)
			DisableScriptedObjects (6ms)
			BackupInstance (0ms)
			ReleaseScriptingObjects (0ms)
			CreateAndSetChildDomain (20ms)
		EndReloadAssembly (1192ms)
			LoadAssemblies (113ms)
			RebuildTransferFunctionScriptingTraits (0ms)
			SetupTypeCache (426ms)
			ReleaseScriptCaches (1ms)
			RebuildScriptCaches (83ms)
			SetupLoadedEditorAssemblies (513ms)
				LogAssemblyErrors (0ms)
				InitializePlatformSupportModulesInManaged (18ms)
				SetLoadedEditorAssemblies (0ms)
				RefreshPlugins (1ms)
				BeforeProcessingInitializeOnLoad (113ms)
				ProcessInitializeOnLoadAttributes (321ms)
				ProcessInitializeOnLoadMethodAttributes (45ms)
				AfterProcessingInitializeOnLoad (14ms)
				EditorAssembliesLoaded (0ms)
			ExecutionOrderSort2 (0ms)
			AwakeInstancesAfterBackupRestoration (6ms)
Platform modules already initialized, skipping
========================================================================
Worker process is ready to serve import requests
Shader 'Oculus/OVRMRCameraFrameLit': fallback shader 'Alpha-Diffuse' not found
Launched and connected shader compiler UnityShaderCompiler.exe after 0.06 seconds
Refreshing native plugins compatible for Editor in 1.41 ms, found 8 plugins.
Preloading 1 native plugins for Editor in 0.22 ms.
Unloading 4645 Unused Serialized files (Serialized files now loaded: 0)
Unloading 56 unused Assets / (197.0 KB). Loaded Objects now: 5083.
Memory consumption went from 170.1 MB to 169.9 MB.
Total: 5.011900 ms (FindLiveObjects: 0.445400 ms CreateObjectMapping: 0.395800 ms MarkObjects: 3.861200 ms  DeleteObjects: 0.308000 ms)

AssetImportParameters requested are different than current active one (requested -> active):
  custom:video-decoder-ogg-theora: a1e56fd34408186e4bbccfd4996cb3dc -> 
  custom:container-muxer-webm: aa71ff27fc2769a1b78a27578f13a17b -> 
  custom:container-demuxer-webm: 4f35f7cbe854078d1ac9338744f61a02 -> 
  custom:video-encoder-webm-vp8: eb34c28f22e8b96e1ab97ce403110664 -> 
  custom:video-codec-MediaFoundation-h265: 746d11721c4dcdbdad8f713fa42b33f4 -> 
  custom:audio-encoder-webm-vorbis: bf7c407c2cedff20999df2af8eb42d56 -> 
  custom:framework-win-MediaFoundation: 216162199b28c13a410421893ffa2e32 -> 
  custom:container-demuxer-ogg: 62fdf1f143b41e24485cea50d1cbac27 -> 
  custom:video-decoder-webm-vp8: 9c59270c3fd7afecdb556c50c9e8de78 -> 
  custom:audio-decoder-ogg-vorbis: bf7c407c2cedff20999df2af8eb42d56 -> 
========================================================================
Received Import Request.
  Time since last request: 8010.985599 seconds.
  path: Assets/Free Skyboxes - Space/SBS Space 2/SBS Space 2.asset
  artifactKey: Guid(20f397556093c9847bde20df70e7c347) Importer(815301076,1909f56bfc062723c751e8b465ee728b)
Start importing Assets/Free Skyboxes - Space/SBS Space 2/SBS Space 2.asset using Guid(20f397556093c9847bde20df70e7c347) Importer(815301076,1909f56bfc062723c751e8b465ee728b)  -> (artifact id: 'de934f9b3e8241088af517414b58a630') in 0.050855 seconds 
========================================================================
Received Import Request.
  Time since last request: 11.527992 seconds.
  path: Assets/Free Skyboxes - Space/SBS Space 1/Medium/Skybox_Space 1 Medium.mat
  artifactKey: Guid(cb4b6d1bf9c978042b7931378995b776) Importer(815301076,1909f56bfc062723c751e8b465ee728b)
Start importing Assets/Free Skyboxes - Space/SBS Space 1/Medium/Skybox_Space 1 Medium.mat using Guid(cb4b6d1bf9c978042b7931378995b776) Importer(815301076,1909f56bfc062723c751e8b465ee728b)  -> (artifact id: '354b77138a153466ecfefdb11c4bb4c4') in 0.244070 seconds 
========================================================================
Received Import Request.
  Time since last request: 0.267145 seconds.
  path: Assets/Free Skyboxes - Space/SBS Space 1/Small/Skybox_Space 1 Small.mat
  artifactKey: Guid(a4ed21be487740a418a654407aaaf103) Importer(815301076,1909f56bfc062723c751e8b465ee728b)
Start importing Assets/Free Skyboxes - Space/SBS Space 1/Small/Skybox_Space 1 Small.mat using Guid(a4ed21be487740a418a654407aaaf103) Importer(815301076,1909f56bfc062723c751e8b465ee728b)  -> (artifact id: 'd044a31dfdc0de8146fd0d0bd230c84a') in 0.068130 seconds 
========================================================================
Received Import Request.
  Time since last request: 1.699280 seconds.
  path: Assets/Free Skyboxes - Space/SBS Space 2/Medium/Skybox_Space 2 Medium.mat
  artifactKey: Guid(89fff474ba0a95e49ae5cf261d4f8fcc) Importer(815301076,1909f56bfc062723c751e8b465ee728b)
Start importing Assets/Free Skyboxes - Space/SBS Space 2/Medium/Skybox_Space 2 Medium.mat using Guid(89fff474ba0a95e49ae5cf261d4f8fcc) Importer(815301076,1909f56bfc062723c751e8b465ee728b)  -> (artifact id: '35f5d67f4a95b51cb50dfea9c3889ddd') in 0.142956 seconds 
========================================================================
Received Import Request.
  Time since last request: 0.261270 seconds.
  path: Assets/Free Skyboxes - Space/SBS Space 2/Small/Skybox_Space 2 Small.mat
  artifactKey: Guid(98740415e46103c4da3ab7bb864ab17d) Importer(815301076,1909f56bfc062723c751e8b465ee728b)
Start importing Assets/Free Skyboxes - Space/SBS Space 2/Small/Skybox_Space 2 Small.mat using Guid(98740415e46103c4da3ab7bb864ab17d) Importer(815301076,1909f56bfc062723c751e8b465ee728b)  -> (artifact id: '9d6afd082dc6dd078dfacb095196e434') in 0.050405 seconds 
========================================================================
Received Import Request.
  Time since last request: 2.144754 seconds.
  path: Assets/Free Skyboxes - Space/SBS Space 3/Medium/Skybox_Space 3 Medium.mat
  artifactKey: Guid(412f5114ffdfb224090e321b3492cdd6) Importer(815301076,1909f56bfc062723c751e8b465ee728b)
Start importing Assets/Free Skyboxes - Space/SBS Space 3/Medium/Skybox_Space 3 Medium.mat using Guid(412f5114ffdfb224090e321b3492cdd6) Importer(815301076,1909f56bfc062723c751e8b465ee728b)  -> (artifact id: 'b072a44c453936826c060476be47e559') in 0.145156 seconds 
========================================================================
Received Import Request.
  Time since last request: 0.371834 seconds.
  path: Assets/Free Skyboxes - Space/SBS Space 3/Small/Skybox_Space 3 Small.mat
  artifactKey: Guid(f7f800d56bc6c824a9bc54e982d4ed0f) Importer(815301076,1909f56bfc062723c751e8b465ee728b)
Start importing Assets/Free Skyboxes - Space/SBS Space 3/Small/Skybox_Space 3 Small.mat using Guid(f7f800d56bc6c824a9bc54e982d4ed0f) Importer(815301076,1909f56bfc062723c751e8b465ee728b)  -> (artifact id: 'a110fd17ef2b64b151300fcdee4d4540') in 0.047602 seconds 
========================================================================
Received Import Request.
  Time since last request: 3.071034 seconds.
  path: Assets/Free Skyboxes - Space/SBS Space 4/Medium/Skybox_Space 4 Medium.mat
  artifactKey: Guid(ab815e1cd29c5f244bcdd121845400ef) Importer(815301076,1909f56bfc062723c751e8b465ee728b)
Start importing Assets/Free Skyboxes - Space/SBS Space 4/Medium/Skybox_Space 4 Medium.mat using Guid(ab815e1cd29c5f244bcdd121845400ef) Importer(815301076,1909f56bfc062723c751e8b465ee728b)  -> (artifact id: 'b21badb2b7251c65e20484f941b59fa9') in 0.148596 seconds 
========================================================================
Received Import Request.
  Time since last request: 0.317029 seconds.
  path: Assets/Free Skyboxes - Space/SBS Space 4/Small/Skybox_Space 4 Small.mat
  artifactKey: Guid(1a995ed9c8693fd459f57a369da1b017) Importer(815301076,1909f56bfc062723c751e8b465ee728b)
Start importing Assets/Free Skyboxes - Space/SBS Space 4/Small/Skybox_Space 4 Small.mat using Guid(1a995ed9c8693fd459f57a369da1b017) Importer(815301076,1909f56bfc062723c751e8b465ee728b)  -> (artifact id: '1c9750318b5b4a1f340888882f3d33c5') in 0.051417 seconds 
========================================================================
Received Import Request.
  Time since last request: 9.560982 seconds.
  path: Assets/Free Skyboxes - Space/SBS Space 2/Medium/Textures/Back_Skybox_Space 2 Medium.png
  artifactKey: Guid(9dd3467b025d4284fa9bf3f0a37cceb3) Importer(815301076,1909f56bfc062723c751e8b465ee728b)
Start importing Assets/Free Skyboxes - Space/SBS Space 2/Medium/Textures/Back_Skybox_Space 2 Medium.png using Guid(9dd3467b025d4284fa9bf3f0a37cceb3) Importer(815301076,1909f56bfc062723c751e8b465ee728b)  -> (artifact id: '837fa346a375d86749ae2deda9b2d382') in 0.049827 seconds 
========================================================================
Received Import Request.
  Time since last request: 0.040718 seconds.
  path: Assets/Free Skyboxes - Space/SBS Space 2/Medium/Textures/Right_Skybox_Space 2 Medium.png
  artifactKey: Guid(5e95ac97d7cdba949ba381e8bdf6cbd5) Importer(815301076,1909f56bfc062723c751e8b465ee728b)
Start importing Assets/Free Skyboxes - Space/SBS Space 2/Medium/Textures/Right_Skybox_Space 2 Medium.png using Guid(5e95ac97d7cdba949ba381e8bdf6cbd5) Importer(815301076,1909f56bfc062723c751e8b465ee728b)  -> (artifact id: 'e845f45daac8cb71e7f02d75f293377a') in 0.052038 seconds 
========================================================================
Received Import Request.
  Time since last request: 0.000036 seconds.
  path: Assets/Free Skyboxes - Space/SBS Space 2/Medium/Textures/Left_Skybox_Space 2 Medium.png
  artifactKey: Guid(f3165b09fc499b5419e5ce3bf45c828a) Importer(815301076,1909f56bfc062723c751e8b465ee728b)
Start importing Assets/Free Skyboxes - Space/SBS Space 2/Medium/Textures/Left_Skybox_Space 2 Medium.png using Guid(f3165b09fc499b5419e5ce3bf45c828a) Importer(815301076,1909f56bfc062723c751e8b465ee728b)  -> (artifact id: 'ecf5ef2703eed618a827d692563439c3') in 0.046193 seconds 
========================================================================
Received Import Request.
  Time since last request: 3.927465 seconds.
  path: Assets/Free Skyboxes - Space/SBS Space 2/Large/Textures/Back_Large.png
  artifactKey: Guid(82c46df918349224eb39c597169827bd) Importer(815301076,1909f56bfc062723c751e8b465ee728b)
Start importing Assets/Free Skyboxes - Space/SBS Space 2/Large/Textures/Back_Large.png using Guid(82c46df918349224eb39c597169827bd) Importer(815301076,1909f56bfc062723c751e8b465ee728b)  -> (artifact id: '8b5ba5db62e1f6bc04630ff1a55caced') in 0.113713 seconds 
========================================================================
Received Import Request.
  Time since last request: 0.000090 seconds.
  path: Assets/Free Skyboxes - Space/SBS Space 2/Large/Textures/Front_Large.png
  artifactKey: Guid(1ac53e5706d72474f8aeddb6a5aa5b24) Importer(815301076,1909f56bfc062723c751e8b465ee728b)
Start importing Assets/Free Skyboxes - Space/SBS Space 2/Large/Textures/Front_Large.png using Guid(1ac53e5706d72474f8aeddb6a5aa5b24) Importer(815301076,1909f56bfc062723c751e8b465ee728b)  -> (artifact id: '74c4509b83f52760322b3efe7bb96f74') in 0.152006 seconds 
========================================================================
Received Import Request.
  Time since last request: 0.000139 seconds.
  path: Assets/Free Skyboxes - Space/SBS Space 2/Large/Textures/Up_Large.png
  artifactKey: Guid(308d6a17d4236d5419559de61407154d) Importer(815301076,1909f56bfc062723c751e8b465ee728b)
Start importing Assets/Free Skyboxes - Space/SBS Space 2/Large/Textures/Up_Large.png using Guid(308d6a17d4236d5419559de61407154d) Importer(815301076,1909f56bfc062723c751e8b465ee728b)  -> (artifact id: '08f49314846789bab578696a87a19c8a') in 0.109409 seconds 
========================================================================
Received Import Request.
  Time since last request: 5.248616 seconds.
  path: Assets/Free Skyboxes - Space/SBS Space 2/Large
  artifactKey: Guid(e7dadc6216e79ce4f9b729e51b4220f8) Importer(815301076,1909f56bfc062723c751e8b465ee728b)
Start importing Assets/Free Skyboxes - Space/SBS Space 2/Large using Guid(e7dadc6216e79ce4f9b729e51b4220f8) Importer(815301076,1909f56bfc062723c751e8b465ee728b)  -> (artifact id: 'e112fda2f32a27718d07340b24bf5b89') in 0.003741 seconds 
========================================================================
Received Import Request.
  Time since last request: 0.797296 seconds.
  path: Assets/Free Skyboxes - Space/SBS Space 2/Large/Textures
  artifactKey: Guid(8899369f7530c9347a5f2f3b15f0dd32) Importer(815301076,1909f56bfc062723c751e8b465ee728b)
Start importing Assets/Free Skyboxes - Space/SBS Space 2/Large/Textures using Guid(8899369f7530c9347a5f2f3b15f0dd32) Importer(815301076,1909f56bfc062723c751e8b465ee728b)  -> (artifact id: '8bcac73fa2832c78ab51b337af0265fa') in 0.004921 seconds 
========================================================================
Received Import Request.
  Time since last request: 45.185597 seconds.
  path: Assets/Oculus/Interaction/Samples/Objects/Environment/Room/Models/SmallRoom.fbx
  artifactKey: Guid(78906942dba6db24ca155679a45f60ef) Importer(815301076,1909f56bfc062723c751e8b465ee728b)
Start importing Assets/Oculus/Interaction/Samples/Objects/Environment/Room/Models/SmallRoom.fbx using Guid(78906942dba6db24ca155679a45f60ef) Importer(815301076,1909f56bfc062723c751e8b465ee728b)  -> (artifact id: '313a77f48ea0b14a9231a68a2d7091ea') in 0.564055 seconds 
Editor requested this worker to shutdown with reason: Scaling down because of idle timeout
AssetImportWorker is now disconnected from the server
Process exiting
Exiting without the bug reporter. Application will terminate with return code 0